<?xml version="1.0" encoding="UTF-8"?>
<!-- Generated by org.testng.reporters.JUnitReportReporter -->
<testsuite skipped="0" hostname="matiurs-MacBook-Pro.local" name="landingpage.Search" tests="1" failures="0" timestamp="2021-03-29T21:34:08 EDT" time="20.122" errors="0">
  <testcase name="search" time="20.122" classname="landingpage.Search"/>
  <system-out/>
</testsuite> <!-- landingpage.Search -->
