<?xml version="1.0" encoding="UTF-8"?>
<!-- Generated by org.testng.reporters.JUnitReportReporter -->
<testsuite skipped="0" hostname="matiurs-MacBook-Pro.local" name="landingpage.Search" tests="1" failures="0" timestamp="2021-04-01T20:16:18 EDT" time="19.958" errors="0">
  <testcase name="search" time="19.958" classname="landingpage.Search"/>
  <system-out/>
</testsuite> <!-- landingpage.Search -->
