<?xml version="1.0" encoding="UTF-8"?>
<!-- Generated by org.testng.reporters.JUnitReportReporter -->
<testsuite skipped="0" hostname="matiurs-MacBook-Pro.local" name="landingpage.PageTitle" tests="1" failures="0" timestamp="2021-04-24T14:59:36 EDT" time="10.533" errors="0">
  <testcase name="checkTitle" time="10.533" classname="landingpage.PageTitle"/>
  <system-out/>
</testsuite> <!-- landingpage.PageTitle -->
