<?xml version="1.0" encoding="UTF-8"?>
<!-- Generated by org.testng.reporters.JUnitReportReporter -->
<testsuite skipped="0" hostname="matiurs-MacBook-Pro.local" name="table.data.TestWebTableData" tests="1" failures="0" timestamp="2021-04-24T13:46:36 EDT" time="7.329" errors="0">
  <testcase name="readWebText" time="7.329" classname="table.data.TestWebTableData"/>
  <system-out/>
</testsuite> <!-- table.data.TestWebTableData -->
