<?xml version="1.0" encoding="UTF-8"?>
<!-- Generated by org.testng.reporters.JUnitReportReporter -->
<testsuite skipped="0" hostname="matiurs-MacBook-Pro.local" name="homepage.NewsPage" tests="1" failures="0" timestamp="2021-03-29T21:34:45 EDT" time="34.393" errors="0">
  <testcase name="home" time="34.393" classname="homepage.NewsPage"/>
  <system-out/>
</testsuite> <!-- homepage.NewsPage -->
